2022-02-25 11:03:10,057 INFO org.springframework.boot.StartupInfoLogger [main] Starting EurekaApplicationKt using Java 11.0.12 on ushieru with PID 22352 (C:\Users\uziel\Documents\ibm\eureka\build\classes\kotlin\main started by uziel in C:\Users\uziel\Documents\ibm\eureka)
2022-02-25 11:03:10,063 INFO org.springframework.boot.SpringApplication [main] No active profile set, falling back to 1 default profile: "default"
2022-02-25 11:03:10,143 INFO org.springframework.boot.logging.DeferredLog [main] Fetching config from server at : http://localhost:8888
2022-02-25 11:03:10,144 INFO org.springframework.boot.logging.DeferredLog [main] Connect Timeout Exception on Url - http://localhost:8888. Will be trying the next url if available
2022-02-25 11:03:10,154 WARN org.springframework.boot.logging.DeferredLog [main] Could not locate PropertySource ([ConfigServerConfigDataResource@1bc425e7 uris = array<String>['http://localhost:8888'], optional = true, profiles = list['default']]): I/O error on GET request for "http://localhost:8888/api-eureka-server/default": Connection refused: connect; nested exception is java.net.ConnectException: Connection refused: connect
2022-02-25 11:03:11,921 INFO org.springframework.cloud.context.scope.GenericScope [main] BeanFactory id=7114d769-0015-3ce7-84c9-9667fa097506
2022-02-25 11:03:12,706 INFO org.springframework.boot.web.embedded.tomcat.TomcatWebServer [main] Tomcat initialized with port(s): 8761 (http)
2022-02-25 11:03:12,722 INFO org.apache.juli.logging.DirectJDKLog [main] Initializing ProtocolHandler ["http-nio-8761"]
2022-02-25 11:03:12,723 INFO org.apache.juli.logging.DirectJDKLog [main] Starting service [Tomcat]
2022-02-25 11:03:12,723 INFO org.apache.juli.logging.DirectJDKLog [main] Starting Servlet engine: [Apache Tomcat/9.0.58]
2022-02-25 11:03:12,977 INFO org.apache.juli.logging.DirectJDKLog [main] Initializing Spring embedded WebApplicationContext
2022-02-25 11:03:12,977 INFO org.springframework.boot.web.servlet.context.ServletWebServerApplicationContext [main] Root WebApplicationContext: initialization completed in 2820 ms
2022-02-25 11:03:13,855 INFO com.sun.jersey.server.impl.application.WebApplicationImpl [main] Initiating Jersey application, version 'Jersey: 1.19.4 05/24/2017 03:20 PM'
2022-02-25 11:03:13,961 INFO com.netflix.discovery.provider.DiscoveryJerseyProvider [main] Using JSON encoding codec LegacyJacksonJson
2022-02-25 11:03:13,963 INFO com.netflix.discovery.provider.DiscoveryJerseyProvider [main] Using JSON decoding codec LegacyJacksonJson
2022-02-25 11:03:14,246 INFO com.netflix.discovery.provider.DiscoveryJerseyProvider [main] Using XML encoding codec XStreamXml
2022-02-25 11:03:14,247 INFO com.netflix.discovery.provider.DiscoveryJerseyProvider [main] Using XML decoding codec XStreamXml
2022-02-25 11:03:16,779 INFO org.springframework.cloud.netflix.eureka.config.DiscoveryClientOptionalArgsConfiguration [main] Eureka HTTP Client uses Jersey
2022-02-25 11:03:16,901 WARN org.springframework.cloud.loadbalancer.config.LoadBalancerCacheAutoConfiguration$LoadBalancerCaffeineWarnLogger [main] Spring Cloud LoadBalancer is currently working with the default cache. While this cache implementation is useful for development and tests, it's recommended to use Caffeine cache in production.You can switch to using Caffeine cache, by adding it and org.springframework.cache.caffeine.CaffeineCacheManager to the classpath.
2022-02-25 11:03:16,931 INFO org.springframework.cloud.netflix.eureka.InstanceInfoFactory [main] Setting initial instance status as: STARTING
2022-02-25 11:03:16,999 INFO com.netflix.discovery.DiscoveryClient [main] Initializing Eureka in region us-east-1
2022-02-25 11:03:16,999 INFO com.netflix.discovery.DiscoveryClient [main] Client configured to neither register nor query for data.
2022-02-25 11:03:17,020 INFO com.netflix.discovery.DiscoveryClient [main] Discovery Client initialized at timestamp 1645808597017 with initial instances count: 0
2022-02-25 11:03:17,087 INFO com.netflix.eureka.DefaultEurekaServerContext [main] Initializing ...
2022-02-25 11:03:17,091 INFO com.netflix.eureka.cluster.PeerEurekaNodes [main] Adding new peer nodes [http://localhost:8761/eureka/]
2022-02-25 11:03:17,475 INFO com.netflix.discovery.provider.DiscoveryJerseyProvider [main] Using JSON encoding codec LegacyJacksonJson
2022-02-25 11:03:17,476 INFO com.netflix.discovery.provider.DiscoveryJerseyProvider [main] Using JSON decoding codec LegacyJacksonJson
2022-02-25 11:03:17,476 INFO com.netflix.discovery.provider.DiscoveryJerseyProvider [main] Using XML encoding codec XStreamXml
2022-02-25 11:03:17,476 INFO com.netflix.discovery.provider.DiscoveryJerseyProvider [main] Using XML decoding codec XStreamXml
2022-02-25 11:03:17,625 INFO com.netflix.eureka.cluster.PeerEurekaNodes [main] Replica node URL:  http://localhost:8761/eureka/
2022-02-25 11:03:17,638 INFO com.netflix.eureka.registry.AbstractInstanceRegistry [main] Finished initializing remote region registries. All known remote regions: []
2022-02-25 11:03:17,639 INFO com.netflix.eureka.DefaultEurekaServerContext [main] Initialized
2022-02-25 11:03:17,653 INFO org.springframework.boot.actuate.endpoint.web.EndpointLinksResolver [main] Exposing 1 endpoint(s) beneath base path '/actuator'
2022-02-25 11:03:17,697 INFO org.springframework.cloud.netflix.eureka.serviceregistry.EurekaServiceRegistry [main] Registering application API-EUREKA-SERVER with eureka with status UP
2022-02-25 11:03:17,703 INFO org.springframework.cloud.netflix.eureka.server.EurekaServerBootstrap [Thread-9] Setting the eureka configuration..
2022-02-25 11:03:17,703 INFO org.apache.juli.logging.DirectJDKLog [main] Starting ProtocolHandler ["http-nio-8761"]
2022-02-25 11:03:17,725 INFO org.springframework.cloud.netflix.eureka.server.EurekaServerBootstrap [Thread-9] isAws returned false
2022-02-25 11:03:17,727 INFO org.springframework.cloud.netflix.eureka.server.EurekaServerBootstrap [Thread-9] Initialized server context
2022-02-25 11:03:17,728 INFO com.netflix.eureka.registry.PeerAwareInstanceRegistryImpl [Thread-9] Got 1 instances from neighboring DS node
2022-02-25 11:03:17,728 INFO com.netflix.eureka.registry.PeerAwareInstanceRegistryImpl [Thread-9] Renew threshold is: 1
2022-02-25 11:03:17,729 INFO com.netflix.eureka.registry.PeerAwareInstanceRegistryImpl [Thread-9] Changing status to UP
2022-02-25 11:03:17,746 INFO org.springframework.cloud.netflix.eureka.server.EurekaServerInitializerConfiguration [Thread-9] Started Eureka Server
2022-02-25 11:03:17,751 INFO org.springframework.boot.web.embedded.tomcat.TomcatWebServer [main] Tomcat started on port(s): 8761 (http) with context path ''
2022-02-25 11:03:17,752 INFO org.springframework.cloud.netflix.eureka.serviceregistry.EurekaAutoServiceRegistration [main] Updating port to 8761
2022-02-25 11:03:18,163 INFO org.springframework.boot.StartupInfoLogger [main] Started EurekaApplicationKt in 11.975 seconds (JVM running for 13.146)
2022-02-25 11:03:22,905 INFO org.springframework.cloud.netflix.eureka.serviceregistry.EurekaServiceRegistry [SpringApplicationShutdownHook] Unregistering application API-EUREKA-SERVER with eureka with status DOWN
2022-02-25 11:03:23,155 INFO org.springframework.cloud.netflix.eureka.server.EurekaServerBootstrap [SpringApplicationShutdownHook] Shutting down Eureka Server..
2022-02-25 11:03:23,164 INFO com.netflix.eureka.DefaultEurekaServerContext [SpringApplicationShutdownHook] Shutting down ...
2022-02-25 11:03:23,192 INFO com.netflix.eureka.DefaultEurekaServerContext [SpringApplicationShutdownHook] Shut down
2022-02-25 11:03:23,193 INFO org.springframework.cloud.netflix.eureka.server.EurekaServerBootstrap [SpringApplicationShutdownHook] Eureka Service is now shutdown...
2022-02-25 11:03:23,194 INFO com.netflix.eureka.DefaultEurekaServerContext [SpringApplicationShutdownHook] Shutting down ...
2022-02-25 11:03:23,205 INFO com.netflix.eureka.DefaultEurekaServerContext [SpringApplicationShutdownHook] Shut down
2022-02-25 11:03:23,220 INFO com.netflix.discovery.DiscoveryClient [SpringApplicationShutdownHook] Shutting down DiscoveryClient ...
2022-02-25 11:03:23,222 INFO com.netflix.discovery.DiscoveryClient [SpringApplicationShutdownHook] Completed shut down of DiscoveryClient
2022-02-25 11:52:58,241 INFO org.springframework.boot.StartupInfoLogger [main] Starting EurekaApplicationKt using Java 11.0.12 on ushieru with PID 4132 (C:\Users\uziel\Documents\ibm\eureka\build\classes\kotlin\main started by uziel in C:\Users\uziel\Documents\ibm\eureka)
2022-02-25 11:52:58,252 INFO org.springframework.boot.SpringApplication [main] No active profile set, falling back to 1 default profile: "default"
2022-02-25 11:52:58,548 INFO org.springframework.boot.logging.DeferredLog [main] Fetching config from server at : http://localhost:8888
2022-02-25 11:52:58,549 INFO org.springframework.boot.logging.DeferredLog [main] Connect Timeout Exception on Url - http://localhost:8888. Will be trying the next url if available
2022-02-25 11:52:58,549 WARN org.springframework.boot.logging.DeferredLog [main] Could not locate PropertySource ([ConfigServerConfigDataResource@1bc425e7 uris = array<String>['http://localhost:8888'], optional = true, profiles = list['default']]): I/O error on GET request for "http://localhost:8888/api-eureka-server/default": Connection refused: connect; nested exception is java.net.ConnectException: Connection refused: connect
2022-02-25 11:53:02,644 INFO org.springframework.cloud.context.scope.GenericScope [main] BeanFactory id=7114d769-0015-3ce7-84c9-9667fa097506
2022-02-25 11:53:03,798 INFO org.springframework.boot.web.embedded.tomcat.TomcatWebServer [main] Tomcat initialized with port(s): 8761 (http)
2022-02-25 11:53:03,827 INFO org.apache.juli.logging.DirectJDKLog [main] Initializing ProtocolHandler ["http-nio-8761"]
2022-02-25 11:53:03,830 INFO org.apache.juli.logging.DirectJDKLog [main] Starting service [Tomcat]
2022-02-25 11:53:03,830 INFO org.apache.juli.logging.DirectJDKLog [main] Starting Servlet engine: [Apache Tomcat/9.0.58]
2022-02-25 11:53:04,612 INFO org.apache.juli.logging.DirectJDKLog [main] Initializing Spring embedded WebApplicationContext
2022-02-25 11:53:04,613 INFO org.springframework.boot.web.servlet.context.ServletWebServerApplicationContext [main] Root WebApplicationContext: initialization completed in 6059 ms
2022-02-25 11:53:06,193 INFO com.sun.jersey.server.impl.application.WebApplicationImpl [main] Initiating Jersey application, version 'Jersey: 1.19.4 05/24/2017 03:20 PM'
2022-02-25 11:53:06,375 INFO com.netflix.discovery.provider.DiscoveryJerseyProvider [main] Using JSON encoding codec LegacyJacksonJson
2022-02-25 11:53:06,378 INFO com.netflix.discovery.provider.DiscoveryJerseyProvider [main] Using JSON decoding codec LegacyJacksonJson
2022-02-25 11:53:06,962 INFO com.netflix.discovery.provider.DiscoveryJerseyProvider [main] Using XML encoding codec XStreamXml
2022-02-25 11:53:06,964 INFO com.netflix.discovery.provider.DiscoveryJerseyProvider [main] Using XML decoding codec XStreamXml
2022-02-25 11:53:11,363 INFO org.springframework.cloud.netflix.eureka.config.DiscoveryClientOptionalArgsConfiguration [main] Eureka HTTP Client uses Jersey
2022-02-25 11:53:11,576 WARN org.springframework.cloud.loadbalancer.config.LoadBalancerCacheAutoConfiguration$LoadBalancerCaffeineWarnLogger [main] Spring Cloud LoadBalancer is currently working with the default cache. While this cache implementation is useful for development and tests, it's recommended to use Caffeine cache in production.You can switch to using Caffeine cache, by adding it and org.springframework.cache.caffeine.CaffeineCacheManager to the classpath.
2022-02-25 11:53:11,646 INFO org.springframework.cloud.netflix.eureka.InstanceInfoFactory [main] Setting initial instance status as: STARTING
2022-02-25 11:53:11,816 INFO com.netflix.discovery.DiscoveryClient [main] Initializing Eureka in region us-east-1
2022-02-25 11:53:11,817 INFO com.netflix.discovery.DiscoveryClient [main] Client configured to neither register nor query for data.
2022-02-25 11:53:11,871 INFO com.netflix.discovery.DiscoveryClient [main] Discovery Client initialized at timestamp 1645811591859 with initial instances count: 0
2022-02-25 11:53:12,003 INFO com.netflix.eureka.DefaultEurekaServerContext [main] Initializing ...
2022-02-25 11:53:12,010 INFO com.netflix.eureka.cluster.PeerEurekaNodes [main] Adding new peer nodes [http://localhost:8761/eureka/]
2022-02-25 11:53:12,523 INFO com.netflix.discovery.provider.DiscoveryJerseyProvider [main] Using JSON encoding codec LegacyJacksonJson
2022-02-25 11:53:12,524 INFO com.netflix.discovery.provider.DiscoveryJerseyProvider [main] Using JSON decoding codec LegacyJacksonJson
2022-02-25 11:53:12,524 INFO com.netflix.discovery.provider.DiscoveryJerseyProvider [main] Using XML encoding codec XStreamXml
2022-02-25 11:53:12,526 INFO com.netflix.discovery.provider.DiscoveryJerseyProvider [main] Using XML decoding codec XStreamXml
2022-02-25 11:53:13,054 INFO com.netflix.eureka.cluster.PeerEurekaNodes [main] Replica node URL:  http://localhost:8761/eureka/
2022-02-25 11:53:13,085 INFO com.netflix.eureka.registry.AbstractInstanceRegistry [main] Finished initializing remote region registries. All known remote regions: []
2022-02-25 11:53:13,095 INFO com.netflix.eureka.DefaultEurekaServerContext [main] Initialized
2022-02-25 11:53:13,111 INFO org.springframework.boot.actuate.endpoint.web.EndpointLinksResolver [main] Exposing 1 endpoint(s) beneath base path '/actuator'
2022-02-25 11:53:13,173 INFO org.springframework.cloud.netflix.eureka.serviceregistry.EurekaServiceRegistry [main] Registering application API-EUREKA-SERVER with eureka with status UP
2022-02-25 11:53:13,180 INFO org.apache.juli.logging.DirectJDKLog [main] Starting ProtocolHandler ["http-nio-8761"]
2022-02-25 11:53:13,188 INFO org.springframework.cloud.netflix.eureka.server.EurekaServerBootstrap [Thread-9] Setting the eureka configuration..
2022-02-25 11:53:13,222 INFO org.springframework.cloud.netflix.eureka.server.EurekaServerBootstrap [Thread-9] isAws returned false
2022-02-25 11:53:13,223 INFO org.springframework.cloud.netflix.eureka.server.EurekaServerBootstrap [Thread-9] Initialized server context
2022-02-25 11:53:13,224 INFO com.netflix.eureka.registry.PeerAwareInstanceRegistryImpl [Thread-9] Got 1 instances from neighboring DS node
2022-02-25 11:53:13,224 INFO com.netflix.eureka.registry.PeerAwareInstanceRegistryImpl [Thread-9] Renew threshold is: 1
2022-02-25 11:53:13,225 INFO com.netflix.eureka.registry.PeerAwareInstanceRegistryImpl [Thread-9] Changing status to UP
2022-02-25 11:53:13,247 INFO org.springframework.boot.web.embedded.tomcat.TomcatWebServer [main] Tomcat started on port(s): 8761 (http) with context path ''
2022-02-25 11:53:13,249 INFO org.springframework.cloud.netflix.eureka.serviceregistry.EurekaAutoServiceRegistration [main] Updating port to 8761
2022-02-25 11:53:13,256 INFO org.springframework.cloud.netflix.eureka.server.EurekaServerInitializerConfiguration [Thread-9] Started Eureka Server
2022-02-25 11:53:13,625 INFO org.apache.juli.logging.DirectJDKLog [http-nio-8761-exec-1] Initializing Spring DispatcherServlet 'dispatcherServlet'
2022-02-25 11:53:13,628 INFO org.springframework.web.servlet.FrameworkServlet [http-nio-8761-exec-1] Initializing Servlet 'dispatcherServlet'
2022-02-25 11:53:13,637 INFO org.springframework.web.servlet.FrameworkServlet [http-nio-8761-exec-1] Completed initialization in 7 ms
2022-02-25 11:53:14,406 INFO org.springframework.boot.StartupInfoLogger [main] Started EurekaApplicationKt in 20.778 seconds (JVM running for 22.119)
2022-02-25 11:53:27,332 INFO com.netflix.eureka.registry.AbstractInstanceRegistry [http-nio-8761-exec-6] Registered instance API-FRAUDES/api-fraudes:application.instanceId:81a581e0cbbdf03438949cc7519b266d with status UP (replication=false)
2022-02-25 11:53:27,984 INFO com.netflix.eureka.registry.AbstractInstanceRegistry [http-nio-8761-exec-7] Registered instance API-FRAUDES/api-fraudes:application.instanceId:81a581e0cbbdf03438949cc7519b266d with status UP (replication=true)
2022-02-25 11:53:52,431 INFO com.netflix.eureka.registry.AbstractInstanceRegistry [http-nio-8761-exec-1] Registered instance API-FRAUDES/api-fraudes:application.instanceId:81a581e0cbbdf03438949cc7519b266d with status DOWN (replication=false)
2022-02-25 11:53:52,955 INFO com.netflix.eureka.registry.AbstractInstanceRegistry [http-nio-8761-exec-2] Registered instance API-FRAUDES/api-fraudes:application.instanceId:81a581e0cbbdf03438949cc7519b266d with status DOWN (replication=true)
2022-02-25 11:53:55,688 INFO com.netflix.eureka.registry.AbstractInstanceRegistry [http-nio-8761-exec-4] Cancelled instance API-FRAUDES/api-fraudes:application.instanceId:81a581e0cbbdf03438949cc7519b266d (replication=false)
2022-02-25 11:53:55,798 INFO org.springframework.cloud.netflix.eureka.serviceregistry.EurekaServiceRegistry [SpringApplicationShutdownHook] Unregistering application API-EUREKA-SERVER with eureka with status DOWN
2022-02-25 11:53:56,052 INFO org.springframework.cloud.netflix.eureka.server.EurekaServerBootstrap [SpringApplicationShutdownHook] Shutting down Eureka Server..
2022-02-25 11:53:56,061 INFO com.netflix.eureka.DefaultEurekaServerContext [SpringApplicationShutdownHook] Shutting down ...
2022-02-25 11:53:56,088 INFO com.netflix.eureka.DefaultEurekaServerContext [SpringApplicationShutdownHook] Shut down
2022-02-25 11:53:56,089 INFO org.springframework.cloud.netflix.eureka.server.EurekaServerBootstrap [SpringApplicationShutdownHook] Eureka Service is now shutdown...
2022-02-25 11:53:56,091 INFO com.netflix.eureka.DefaultEurekaServerContext [SpringApplicationShutdownHook] Shutting down ...
2022-02-25 11:53:56,103 INFO com.netflix.eureka.DefaultEurekaServerContext [SpringApplicationShutdownHook] Shut down
2022-02-25 11:53:56,117 INFO com.netflix.discovery.DiscoveryClient [SpringApplicationShutdownHook] Shutting down DiscoveryClient ...
2022-02-25 11:53:56,119 INFO com.netflix.discovery.DiscoveryClient [SpringApplicationShutdownHook] Completed shut down of DiscoveryClient
2022-02-25 12:10:28,277 INFO org.springframework.boot.StartupInfoLogger [main] Starting EurekaApplicationKt using Java 11.0.12 on ushieru with PID 2992 (C:\Users\uziel\Documents\ibm\eureka\build\classes\kotlin\main started by uziel in C:\Users\uziel\Documents\ibm\eureka)
2022-02-25 12:10:28,284 INFO org.springframework.boot.SpringApplication [main] No active profile set, falling back to 1 default profile: "default"
2022-02-25 12:10:28,441 INFO org.springframework.boot.logging.DeferredLog [main] Fetching config from server at : http://localhost:8888
2022-02-25 12:10:28,442 INFO org.springframework.boot.logging.DeferredLog [main] Connect Timeout Exception on Url - http://localhost:8888. Will be trying the next url if available
2022-02-25 12:10:28,442 WARN org.springframework.boot.logging.DeferredLog [main] Could not locate PropertySource ([ConfigServerConfigDataResource@1bc425e7 uris = array<String>['http://localhost:8888'], optional = true, profiles = list['default']]): I/O error on GET request for "http://localhost:8888/api-eureka-server/default": Connection refused: connect; nested exception is java.net.ConnectException: Connection refused: connect
2022-02-25 12:10:31,624 INFO org.springframework.cloud.context.scope.GenericScope [main] BeanFactory id=7114d769-0015-3ce7-84c9-9667fa097506
2022-02-25 12:10:32,835 INFO org.springframework.boot.web.embedded.tomcat.TomcatWebServer [main] Tomcat initialized with port(s): 8761 (http)
2022-02-25 12:10:32,876 INFO org.apache.juli.logging.DirectJDKLog [main] Initializing ProtocolHandler ["http-nio-8761"]
2022-02-25 12:10:32,880 INFO org.apache.juli.logging.DirectJDKLog [main] Starting service [Tomcat]
2022-02-25 12:10:32,880 INFO org.apache.juli.logging.DirectJDKLog [main] Starting Servlet engine: [Apache Tomcat/9.0.58]
2022-02-25 12:10:33,301 INFO org.apache.juli.logging.DirectJDKLog [main] Initializing Spring embedded WebApplicationContext
2022-02-25 12:10:33,302 INFO org.springframework.boot.web.servlet.context.ServletWebServerApplicationContext [main] Root WebApplicationContext: initialization completed in 4857 ms
2022-02-25 12:10:34,705 INFO com.sun.jersey.server.impl.application.WebApplicationImpl [main] Initiating Jersey application, version 'Jersey: 1.19.4 05/24/2017 03:20 PM'
2022-02-25 12:10:34,868 INFO com.netflix.discovery.provider.DiscoveryJerseyProvider [main] Using JSON encoding codec LegacyJacksonJson
2022-02-25 12:10:34,871 INFO com.netflix.discovery.provider.DiscoveryJerseyProvider [main] Using JSON decoding codec LegacyJacksonJson
2022-02-25 12:10:35,269 INFO com.netflix.discovery.provider.DiscoveryJerseyProvider [main] Using XML encoding codec XStreamXml
2022-02-25 12:10:35,270 INFO com.netflix.discovery.provider.DiscoveryJerseyProvider [main] Using XML decoding codec XStreamXml
2022-02-25 12:10:39,423 INFO org.springframework.cloud.netflix.eureka.config.DiscoveryClientOptionalArgsConfiguration [main] Eureka HTTP Client uses Jersey
2022-02-25 12:10:39,547 WARN org.springframework.cloud.loadbalancer.config.LoadBalancerCacheAutoConfiguration$LoadBalancerCaffeineWarnLogger [main] Spring Cloud LoadBalancer is currently working with the default cache. While this cache implementation is useful for development and tests, it's recommended to use Caffeine cache in production.You can switch to using Caffeine cache, by adding it and org.springframework.cache.caffeine.CaffeineCacheManager to the classpath.
2022-02-25 12:10:39,586 INFO org.springframework.cloud.netflix.eureka.InstanceInfoFactory [main] Setting initial instance status as: STARTING
2022-02-25 12:10:39,663 INFO com.netflix.discovery.DiscoveryClient [main] Initializing Eureka in region us-east-1
2022-02-25 12:10:39,664 INFO com.netflix.discovery.DiscoveryClient [main] Client configured to neither register nor query for data.
2022-02-25 12:10:39,685 INFO com.netflix.discovery.DiscoveryClient [main] Discovery Client initialized at timestamp 1645812639682 with initial instances count: 0
2022-02-25 12:10:39,771 INFO com.netflix.eureka.DefaultEurekaServerContext [main] Initializing ...
2022-02-25 12:10:39,776 INFO com.netflix.eureka.cluster.PeerEurekaNodes [main] Adding new peer nodes [http://localhost:8761/eureka/]
2022-02-25 12:10:40,266 INFO com.netflix.discovery.provider.DiscoveryJerseyProvider [main] Using JSON encoding codec LegacyJacksonJson
2022-02-25 12:10:40,267 INFO com.netflix.discovery.provider.DiscoveryJerseyProvider [main] Using JSON decoding codec LegacyJacksonJson
2022-02-25 12:10:40,267 INFO com.netflix.discovery.provider.DiscoveryJerseyProvider [main] Using XML encoding codec XStreamXml
2022-02-25 12:10:40,268 INFO com.netflix.discovery.provider.DiscoveryJerseyProvider [main] Using XML decoding codec XStreamXml
2022-02-25 12:10:40,457 INFO com.netflix.eureka.cluster.PeerEurekaNodes [main] Replica node URL:  http://localhost:8761/eureka/
2022-02-25 12:10:40,470 INFO com.netflix.eureka.registry.AbstractInstanceRegistry [main] Finished initializing remote region registries. All known remote regions: []
2022-02-25 12:10:40,472 INFO com.netflix.eureka.DefaultEurekaServerContext [main] Initialized
2022-02-25 12:10:40,487 INFO org.springframework.boot.actuate.endpoint.web.EndpointLinksResolver [main] Exposing 1 endpoint(s) beneath base path '/actuator'
2022-02-25 12:10:40,539 INFO org.springframework.cloud.netflix.eureka.serviceregistry.EurekaServiceRegistry [main] Registering application API-EUREKA-SERVER with eureka with status UP
2022-02-25 12:10:40,545 INFO org.apache.juli.logging.DirectJDKLog [main] Starting ProtocolHandler ["http-nio-8761"]
2022-02-25 12:10:40,545 INFO org.springframework.cloud.netflix.eureka.server.EurekaServerBootstrap [Thread-9] Setting the eureka configuration..
2022-02-25 12:10:40,571 INFO org.springframework.cloud.netflix.eureka.server.EurekaServerBootstrap [Thread-9] isAws returned false
2022-02-25 12:10:40,572 INFO org.springframework.cloud.netflix.eureka.server.EurekaServerBootstrap [Thread-9] Initialized server context
2022-02-25 12:10:40,573 INFO com.netflix.eureka.registry.PeerAwareInstanceRegistryImpl [Thread-9] Got 1 instances from neighboring DS node
2022-02-25 12:10:40,573 INFO com.netflix.eureka.registry.PeerAwareInstanceRegistryImpl [Thread-9] Renew threshold is: 1
2022-02-25 12:10:40,577 INFO com.netflix.eureka.registry.PeerAwareInstanceRegistryImpl [Thread-9] Changing status to UP
2022-02-25 12:10:40,621 INFO org.springframework.cloud.netflix.eureka.server.EurekaServerInitializerConfiguration [Thread-9] Started Eureka Server
2022-02-25 12:10:40,624 INFO org.springframework.boot.web.embedded.tomcat.TomcatWebServer [main] Tomcat started on port(s): 8761 (http) with context path ''
2022-02-25 12:10:40,626 INFO org.springframework.cloud.netflix.eureka.serviceregistry.EurekaAutoServiceRegistration [main] Updating port to 8761
2022-02-25 12:10:41,129 INFO org.springframework.boot.StartupInfoLogger [main] Started EurekaApplicationKt in 16.853 seconds (JVM running for 18.099)
2022-02-25 12:10:47,138 INFO org.apache.juli.logging.DirectJDKLog [http-nio-8761-exec-1] Initializing Spring DispatcherServlet 'dispatcherServlet'
2022-02-25 12:10:47,139 INFO org.springframework.web.servlet.FrameworkServlet [http-nio-8761-exec-1] Initializing Servlet 'dispatcherServlet'
2022-02-25 12:10:47,141 INFO org.springframework.web.servlet.FrameworkServlet [http-nio-8761-exec-1] Completed initialization in 2 ms
2022-02-25 12:10:47,571 INFO com.netflix.eureka.registry.AbstractInstanceRegistry [http-nio-8761-exec-2] Registered instance API-FRAUDES/api-fraudes:application.instanceId:9fe0db55b1d3068e04e28f59809abbcf with status UP (replication=false)
2022-02-25 12:10:48,264 INFO com.netflix.eureka.registry.AbstractInstanceRegistry [http-nio-8761-exec-9] Registered instance API-FRAUDES/api-fraudes:application.instanceId:9fe0db55b1d3068e04e28f59809abbcf with status UP (replication=true)
2022-02-25 12:11:40,591 INFO com.netflix.eureka.registry.AbstractInstanceRegistry$EvictionTask [Eureka-EvictionTimer] Running the evict task with compensationTime 0ms
2022-02-25 12:12:40,602 INFO com.netflix.eureka.registry.AbstractInstanceRegistry$EvictionTask [Eureka-EvictionTimer] Running the evict task with compensationTime 10ms
2022-02-25 12:13:40,605 INFO com.netflix.eureka.registry.AbstractInstanceRegistry$EvictionTask [Eureka-EvictionTimer] Running the evict task with compensationTime 2ms
2022-02-25 12:14:40,616 INFO com.netflix.eureka.registry.AbstractInstanceRegistry$EvictionTask [Eureka-EvictionTimer] Running the evict task with compensationTime 12ms
2022-02-25 12:15:40,618 INFO com.netflix.eureka.registry.AbstractInstanceRegistry$EvictionTask [Eureka-EvictionTimer] Running the evict task with compensationTime 1ms
2022-02-25 12:16:40,625 INFO com.netflix.eureka.registry.AbstractInstanceRegistry$EvictionTask [Eureka-EvictionTimer] Running the evict task with compensationTime 7ms
2022-02-25 12:17:40,629 INFO com.netflix.eureka.registry.AbstractInstanceRegistry$EvictionTask [Eureka-EvictionTimer] Running the evict task with compensationTime 3ms
2022-02-25 12:18:25,419 INFO com.netflix.eureka.registry.AbstractInstanceRegistry [http-nio-8761-exec-8] Registered instance API-FRAUDES/api-fraudes:application.instanceId:9fe0db55b1d3068e04e28f59809abbcf with status DOWN (replication=false)
2022-02-25 12:18:25,953 INFO com.netflix.eureka.registry.AbstractInstanceRegistry [http-nio-8761-exec-4] Registered instance API-FRAUDES/api-fraudes:application.instanceId:9fe0db55b1d3068e04e28f59809abbcf with status DOWN (replication=true)
2022-02-25 12:18:28,674 INFO com.netflix.eureka.registry.AbstractInstanceRegistry [http-nio-8761-exec-7] Cancelled instance API-FRAUDES/api-fraudes:application.instanceId:9fe0db55b1d3068e04e28f59809abbcf (replication=false)
2022-02-25 12:18:29,201 WARN com.netflix.eureka.registry.AbstractInstanceRegistry [http-nio-8761-exec-9] DS: Registry: cancel failed because Lease is not registered for: API-FRAUDES/api-fraudes:application.instanceId:9fe0db55b1d3068e04e28f59809abbcf
2022-02-25 12:18:29,201 INFO com.netflix.eureka.resources.InstanceResource [http-nio-8761-exec-9] Not Found (Cancel): API-FRAUDES - api-fraudes:application.instanceId:9fe0db55b1d3068e04e28f59809abbcf
2022-02-25 12:18:29,203 WARN com.netflix.eureka.cluster.ReplicationTask [TaskBatchingWorker-target_localhost-9] The replication of task API-FRAUDES/api-fraudes:application.instanceId:9fe0db55b1d3068e04e28f59809abbcf:Cancel@localhost failed with response code 404
2022-02-25 12:18:29,203 WARN com.netflix.eureka.cluster.PeerEurekaNode$2 [TaskBatchingWorker-target_localhost-9] API-FRAUDES/api-fraudes:application.instanceId:9fe0db55b1d3068e04e28f59809abbcf:Cancel@localhost: missing entry.
2022-02-25 12:18:40,640 INFO com.netflix.eureka.registry.AbstractInstanceRegistry$EvictionTask [Eureka-EvictionTimer] Running the evict task with compensationTime 11ms
2022-02-25 12:19:12,823 INFO com.netflix.eureka.registry.AbstractInstanceRegistry [http-nio-8761-exec-10] Registered instance API-FRAUDES/api-fraudes:application.instanceId:024dc7f0b4d81249f3c488f454c6021d with status UP (replication=false)
2022-02-25 12:19:13,342 INFO com.netflix.eureka.registry.AbstractInstanceRegistry [http-nio-8761-exec-8] Registered instance API-FRAUDES/api-fraudes:application.instanceId:024dc7f0b4d81249f3c488f454c6021d with status UP (replication=true)
2022-02-25 12:19:40,644 INFO com.netflix.eureka.registry.AbstractInstanceRegistry$EvictionTask [Eureka-EvictionTimer] Running the evict task with compensationTime 4ms
2022-02-25 12:20:16,323 INFO com.netflix.eureka.registry.AbstractInstanceRegistry [http-nio-8761-exec-2] Registered instance API-FRAUDES/api-fraudes:application.instanceId:024dc7f0b4d81249f3c488f454c6021d with status DOWN (replication=false)
2022-02-25 12:20:16,843 INFO com.netflix.eureka.registry.AbstractInstanceRegistry [http-nio-8761-exec-1] Registered instance API-FRAUDES/api-fraudes:application.instanceId:024dc7f0b4d81249f3c488f454c6021d with status DOWN (replication=true)
2022-02-25 12:20:19,553 INFO com.netflix.eureka.registry.AbstractInstanceRegistry [http-nio-8761-exec-9] Cancelled instance API-FRAUDES/api-fraudes:application.instanceId:024dc7f0b4d81249f3c488f454c6021d (replication=false)
2022-02-25 12:20:19,845 INFO org.springframework.cloud.netflix.eureka.serviceregistry.EurekaServiceRegistry [SpringApplicationShutdownHook] Unregistering application API-EUREKA-SERVER with eureka with status DOWN
2022-02-25 12:20:20,078 ERROR com.netflix.eureka.cluster.ReplicationTaskProcessor [TaskBatchingWorker-target_localhost-8] Network level connection to peer localhost; retrying after delay
com.sun.jersey.api.client.ClientHandlerException: org.apache.http.NoHttpResponseException: localhost:8761 failed to respond
	at com.sun.jersey.client.apache4.ApacheHttpClient4Handler.handle(ApacheHttpClient4Handler.java:187)
	at com.netflix.eureka.cluster.DynamicGZIPContentEncodingFilter.handle(DynamicGZIPContentEncodingFilter.java:48)
	at com.netflix.discovery.EurekaIdentityHeaderFilter.handle(EurekaIdentityHeaderFilter.java:27)
	at com.sun.jersey.api.client.Client.handle(Client.java:652)
	at com.sun.jersey.api.client.WebResource.handle(WebResource.java:682)
	at com.sun.jersey.api.client.WebResource.access$200(WebResource.java:74)
	at com.sun.jersey.api.client.WebResource$Builder.post(WebResource.java:570)
	at com.netflix.eureka.transport.JerseyReplicationClient.submitBatchUpdates(JerseyReplicationClient.java:117)
	at com.netflix.eureka.cluster.ReplicationTaskProcessor.process(ReplicationTaskProcessor.java:80)
	at com.netflix.eureka.util.batcher.TaskExecutors$BatchWorkerRunnable.run(TaskExecutors.java:190)
	at java.base/java.lang.Thread.run(Thread.java:834)
Caused by: org.apache.http.NoHttpResponseException: localhost:8761 failed to respond
	at org.apache.http.impl.conn.DefaultHttpResponseParser.parseHead(DefaultHttpResponseParser.java:141)
	at org.apache.http.impl.conn.DefaultHttpResponseParser.parseHead(DefaultHttpResponseParser.java:56)
	at org.apache.http.impl.io.AbstractMessageParser.parse(AbstractMessageParser.java:259)
	at org.apache.http.impl.AbstractHttpClientConnection.receiveResponseHeader(AbstractHttpClientConnection.java:294)
	at org.apache.http.impl.conn.DefaultClientConnection.receiveResponseHeader(DefaultClientConnection.java:257)
	at org.apache.http.impl.conn.AbstractClientConnAdapter.receiveResponseHeader(AbstractClientConnAdapter.java:230)
	at org.apache.http.protocol.HttpRequestExecutor.doReceiveResponse(HttpRequestExecutor.java:273)
	at org.apache.http.protocol.HttpRequestExecutor.execute(HttpRequestExecutor.java:125)
	at org.apache.http.impl.client.DefaultRequestDirector.tryExecute(DefaultRequestDirector.java:679)
	at org.apache.http.impl.client.DefaultRequestDirector.execute(DefaultRequestDirector.java:481)
	at org.apache.http.impl.client.AbstractHttpClient.doExecute(AbstractHttpClient.java:835)
	at org.apache.http.impl.client.CloseableHttpClient.execute(CloseableHttpClient.java:118)
	at org.apache.http.impl.client.CloseableHttpClient.execute(CloseableHttpClient.java:56)
	at com.sun.jersey.client.apache4.ApacheHttpClient4Handler.handle(ApacheHttpClient4Handler.java:173)
	... 10 common frames omitted
2022-02-25 12:20:20,091 INFO org.springframework.cloud.netflix.eureka.server.EurekaServerBootstrap [SpringApplicationShutdownHook] Shutting down Eureka Server..
2022-02-25 12:20:20,097 INFO com.netflix.eureka.DefaultEurekaServerContext [SpringApplicationShutdownHook] Shutting down ...
2022-02-25 12:20:20,118 INFO com.netflix.eureka.DefaultEurekaServerContext [SpringApplicationShutdownHook] Shut down
2022-02-25 12:20:20,119 INFO org.springframework.cloud.netflix.eureka.server.EurekaServerBootstrap [SpringApplicationShutdownHook] Eureka Service is now shutdown...
2022-02-25 12:20:20,120 INFO com.netflix.eureka.DefaultEurekaServerContext [SpringApplicationShutdownHook] Shutting down ...
2022-02-25 12:20:20,130 INFO com.netflix.eureka.DefaultEurekaServerContext [SpringApplicationShutdownHook] Shut down
2022-02-25 12:20:20,142 INFO com.netflix.discovery.DiscoveryClient [SpringApplicationShutdownHook] Shutting down DiscoveryClient ...
2022-02-25 12:20:20,144 INFO com.netflix.discovery.DiscoveryClient [SpringApplicationShutdownHook] Completed shut down of DiscoveryClient
2022-02-25 12:20:30,323 INFO org.springframework.boot.StartupInfoLogger [main] Starting EurekaApplicationKt using Java 11.0.12 on ushieru with PID 18908 (C:\Users\uziel\Documents\ibm\eureka\build\classes\kotlin\main started by uziel in C:\Users\uziel\Documents\ibm\eureka)
2022-02-25 12:20:30,330 INFO org.springframework.boot.SpringApplication [main] No active profile set, falling back to 1 default profile: "default"
2022-02-25 12:20:30,420 INFO org.springframework.boot.logging.DeferredLog [main] Fetching config from server at : http://localhost:8888
2022-02-25 12:20:30,420 INFO org.springframework.boot.logging.DeferredLog [main] Connect Timeout Exception on Url - http://localhost:8888. Will be trying the next url if available
2022-02-25 12:20:30,420 WARN org.springframework.boot.logging.DeferredLog [main] Could not locate PropertySource ([ConfigServerConfigDataResource@1bc425e7 uris = array<String>['http://localhost:8888'], optional = true, profiles = list['default']]): I/O error on GET request for "http://localhost:8888/api-eureka-server/default": Connection refused: connect; nested exception is java.net.ConnectException: Connection refused: connect
2022-02-25 12:20:32,827 INFO org.springframework.cloud.context.scope.GenericScope [main] BeanFactory id=7114d769-0015-3ce7-84c9-9667fa097506
2022-02-25 12:20:34,904 INFO org.springframework.boot.web.embedded.tomcat.TomcatWebServer [main] Tomcat initialized with port(s): 8761 (http)
2022-02-25 12:20:34,932 INFO org.apache.juli.logging.DirectJDKLog [main] Initializing ProtocolHandler ["http-nio-8761"]
2022-02-25 12:20:34,933 INFO org.apache.juli.logging.DirectJDKLog [main] Starting service [Tomcat]
2022-02-25 12:20:34,934 INFO org.apache.juli.logging.DirectJDKLog [main] Starting Servlet engine: [Apache Tomcat/9.0.58]
2022-02-25 12:20:35,340 INFO org.apache.juli.logging.DirectJDKLog [main] Initializing Spring embedded WebApplicationContext
2022-02-25 12:20:35,341 INFO org.springframework.boot.web.servlet.context.ServletWebServerApplicationContext [main] Root WebApplicationContext: initialization completed in 4919 ms
2022-02-25 12:20:36,928 INFO com.sun.jersey.server.impl.application.WebApplicationImpl [main] Initiating Jersey application, version 'Jersey: 1.19.4 05/24/2017 03:20 PM'
2022-02-25 12:20:37,117 INFO com.netflix.discovery.provider.DiscoveryJerseyProvider [main] Using JSON encoding codec LegacyJacksonJson
2022-02-25 12:20:37,121 INFO com.netflix.discovery.provider.DiscoveryJerseyProvider [main] Using JSON decoding codec LegacyJacksonJson
2022-02-25 12:20:37,543 INFO com.netflix.discovery.provider.DiscoveryJerseyProvider [main] Using XML encoding codec XStreamXml
2022-02-25 12:20:37,544 INFO com.netflix.discovery.provider.DiscoveryJerseyProvider [main] Using XML decoding codec XStreamXml
2022-02-25 12:20:41,630 INFO org.springframework.cloud.netflix.eureka.config.DiscoveryClientOptionalArgsConfiguration [main] Eureka HTTP Client uses Jersey
2022-02-25 12:20:41,905 WARN org.springframework.cloud.loadbalancer.config.LoadBalancerCacheAutoConfiguration$LoadBalancerCaffeineWarnLogger [main] Spring Cloud LoadBalancer is currently working with the default cache. While this cache implementation is useful for development and tests, it's recommended to use Caffeine cache in production.You can switch to using Caffeine cache, by adding it and org.springframework.cache.caffeine.CaffeineCacheManager to the classpath.
2022-02-25 12:20:41,953 INFO org.springframework.cloud.netflix.eureka.InstanceInfoFactory [main] Setting initial instance status as: STARTING
2022-02-25 12:20:42,047 INFO com.netflix.discovery.DiscoveryClient [main] Initializing Eureka in region us-east-1
2022-02-25 12:20:42,048 INFO com.netflix.discovery.DiscoveryClient [main] Client configured to neither register nor query for data.
2022-02-25 12:20:42,085 INFO com.netflix.discovery.DiscoveryClient [main] Discovery Client initialized at timestamp 1645813242081 with initial instances count: 0
2022-02-25 12:20:42,197 INFO com.netflix.eureka.DefaultEurekaServerContext [main] Initializing ...
2022-02-25 12:20:42,202 INFO com.netflix.eureka.cluster.PeerEurekaNodes [main] Adding new peer nodes [http://localhost:8761/eureka/]
2022-02-25 12:20:42,662 INFO com.netflix.discovery.provider.DiscoveryJerseyProvider [main] Using JSON encoding codec LegacyJacksonJson
2022-02-25 12:20:42,663 INFO com.netflix.discovery.provider.DiscoveryJerseyProvider [main] Using JSON decoding codec LegacyJacksonJson
2022-02-25 12:20:42,664 INFO com.netflix.discovery.provider.DiscoveryJerseyProvider [main] Using XML encoding codec XStreamXml
2022-02-25 12:20:42,664 INFO com.netflix.discovery.provider.DiscoveryJerseyProvider [main] Using XML decoding codec XStreamXml
2022-02-25 12:20:42,843 INFO com.netflix.eureka.cluster.PeerEurekaNodes [main] Replica node URL:  http://localhost:8761/eureka/
2022-02-25 12:20:42,859 INFO com.netflix.eureka.registry.AbstractInstanceRegistry [main] Finished initializing remote region registries. All known remote regions: []
2022-02-25 12:20:42,861 INFO com.netflix.eureka.DefaultEurekaServerContext [main] Initialized
2022-02-25 12:20:42,878 INFO org.springframework.boot.actuate.endpoint.web.EndpointLinksResolver [main] Exposing 1 endpoint(s) beneath base path '/actuator'
2022-02-25 12:20:42,946 INFO org.springframework.cloud.netflix.eureka.serviceregistry.EurekaServiceRegistry [main] Registering application API-EUREKA-SERVER with eureka with status UP
2022-02-25 12:20:42,951 INFO org.apache.juli.logging.DirectJDKLog [main] Starting ProtocolHandler ["http-nio-8761"]
2022-02-25 12:20:42,952 INFO org.springframework.cloud.netflix.eureka.server.EurekaServerBootstrap [Thread-9] Setting the eureka configuration..
2022-02-25 12:20:42,980 INFO org.springframework.cloud.netflix.eureka.server.EurekaServerBootstrap [Thread-9] isAws returned false
2022-02-25 12:20:42,981 INFO org.springframework.cloud.netflix.eureka.server.EurekaServerBootstrap [Thread-9] Initialized server context
2022-02-25 12:20:42,982 INFO com.netflix.eureka.registry.PeerAwareInstanceRegistryImpl [Thread-9] Got 1 instances from neighboring DS node
2022-02-25 12:20:42,982 INFO com.netflix.eureka.registry.PeerAwareInstanceRegistryImpl [Thread-9] Renew threshold is: 1
2022-02-25 12:20:42,983 INFO com.netflix.eureka.registry.PeerAwareInstanceRegistryImpl [Thread-9] Changing status to UP
2022-02-25 12:20:43,012 INFO org.springframework.cloud.netflix.eureka.server.EurekaServerInitializerConfiguration [Thread-9] Started Eureka Server
2022-02-25 12:20:43,025 INFO org.springframework.boot.web.embedded.tomcat.TomcatWebServer [main] Tomcat started on port(s): 8761 (http) with context path ''
2022-02-25 12:20:43,027 INFO org.springframework.cloud.netflix.eureka.serviceregistry.EurekaAutoServiceRegistration [main] Updating port to 8761
2022-02-25 12:20:43,643 INFO org.springframework.boot.StartupInfoLogger [main] Started EurekaApplicationKt in 17.122 seconds (JVM running for 18.263)
2022-02-25 12:20:48,603 INFO org.apache.juli.logging.DirectJDKLog [http-nio-8761-exec-5] Initializing Spring DispatcherServlet 'dispatcherServlet'
2022-02-25 12:20:48,604 INFO org.springframework.web.servlet.FrameworkServlet [http-nio-8761-exec-5] Initializing Servlet 'dispatcherServlet'
2022-02-25 12:20:48,606 INFO org.springframework.web.servlet.FrameworkServlet [http-nio-8761-exec-5] Completed initialization in 2 ms
2022-02-25 12:20:48,903 INFO com.netflix.eureka.registry.AbstractInstanceRegistry [http-nio-8761-exec-3] Registered instance API-FRAUDES/api-fraudes:application.instanceId:2f4a9361ac2afac0088b8524834cecb3 with status UP (replication=false)
2022-02-25 12:20:49,565 INFO com.netflix.eureka.registry.AbstractInstanceRegistry [http-nio-8761-exec-6] Registered instance API-FRAUDES/api-fraudes:application.instanceId:2f4a9361ac2afac0088b8524834cecb3 with status UP (replication=true)
2022-02-25 12:21:42,990 INFO com.netflix.eureka.registry.AbstractInstanceRegistry$EvictionTask [Eureka-EvictionTimer] Running the evict task with compensationTime 0ms
2022-02-25 12:22:42,991 INFO com.netflix.eureka.registry.AbstractInstanceRegistry$EvictionTask [Eureka-EvictionTimer] Running the evict task with compensationTime 1ms
2022-02-25 12:23:43,002 INFO com.netflix.eureka.registry.AbstractInstanceRegistry$EvictionTask [Eureka-EvictionTimer] Running the evict task with compensationTime 11ms
2022-02-25 12:24:43,008 INFO com.netflix.eureka.registry.AbstractInstanceRegistry$EvictionTask [Eureka-EvictionTimer] Running the evict task with compensationTime 5ms
2022-02-25 12:25:43,021 INFO com.netflix.eureka.registry.AbstractInstanceRegistry$EvictionTask [Eureka-EvictionTimer] Running the evict task with compensationTime 13ms
2022-02-25 12:26:43,033 INFO com.netflix.eureka.registry.AbstractInstanceRegistry$EvictionTask [Eureka-EvictionTimer] Running the evict task with compensationTime 11ms
2022-02-25 12:27:43,039 INFO com.netflix.eureka.registry.AbstractInstanceRegistry$EvictionTask [Eureka-EvictionTimer] Running the evict task with compensationTime 5ms
2022-02-25 12:28:43,040 INFO com.netflix.eureka.registry.AbstractInstanceRegistry$EvictionTask [Eureka-EvictionTimer] Running the evict task with compensationTime 0ms
2022-02-25 12:29:43,042 INFO com.netflix.eureka.registry.AbstractInstanceRegistry$EvictionTask [Eureka-EvictionTimer] Running the evict task with compensationTime 2ms
2022-02-25 12:30:43,056 INFO com.netflix.eureka.registry.AbstractInstanceRegistry$EvictionTask [Eureka-EvictionTimer] Running the evict task with compensationTime 13ms
2022-02-25 12:31:43,065 INFO com.netflix.eureka.registry.AbstractInstanceRegistry$EvictionTask [Eureka-EvictionTimer] Running the evict task with compensationTime 9ms
2022-02-25 12:32:43,070 INFO com.netflix.eureka.registry.AbstractInstanceRegistry$EvictionTask [Eureka-EvictionTimer] Running the evict task with compensationTime 5ms
2022-02-25 12:33:43,072 INFO com.netflix.eureka.registry.AbstractInstanceRegistry$EvictionTask [Eureka-EvictionTimer] Running the evict task with compensationTime 1ms
2022-02-25 12:34:43,073 INFO com.netflix.eureka.registry.AbstractInstanceRegistry$EvictionTask [Eureka-EvictionTimer] Running the evict task with compensationTime 1ms
2022-02-25 12:35:42,872 INFO com.netflix.eureka.registry.PeerAwareInstanceRegistryImpl [ReplicaAwareInstanceRegistry - RenewalThresholdUpdater] Current renewal threshold is : 3
2022-02-25 12:35:43,075 INFO com.netflix.eureka.registry.AbstractInstanceRegistry$EvictionTask [Eureka-EvictionTimer] Running the evict task with compensationTime 2ms
2022-02-25 12:36:43,090 INFO com.netflix.eureka.registry.AbstractInstanceRegistry$EvictionTask [Eureka-EvictionTimer] Running the evict task with compensationTime 14ms
2022-02-25 12:37:43,091 INFO com.netflix.eureka.registry.AbstractInstanceRegistry$EvictionTask [Eureka-EvictionTimer] Running the evict task with compensationTime 1ms
2022-02-25 12:38:35,240 INFO com.netflix.eureka.registry.AbstractInstanceRegistry [http-nio-8761-exec-10] Registered instance API-FRAUDES/api-fraudes:application.instanceId:2f4a9361ac2afac0088b8524834cecb3 with status DOWN (replication=false)
2022-02-25 12:38:35,762 INFO com.netflix.eureka.registry.AbstractInstanceRegistry [http-nio-8761-exec-2] Registered instance API-FRAUDES/api-fraudes:application.instanceId:2f4a9361ac2afac0088b8524834cecb3 with status DOWN (replication=true)
2022-02-25 12:38:38,472 INFO com.netflix.eureka.registry.AbstractInstanceRegistry [http-nio-8761-exec-1] Cancelled instance API-FRAUDES/api-fraudes:application.instanceId:2f4a9361ac2afac0088b8524834cecb3 (replication=false)
2022-02-25 12:38:39,002 WARN com.netflix.eureka.registry.AbstractInstanceRegistry [http-nio-8761-exec-9] DS: Registry: cancel failed because Lease is not registered for: API-FRAUDES/api-fraudes:application.instanceId:2f4a9361ac2afac0088b8524834cecb3
2022-02-25 12:38:39,003 INFO com.netflix.eureka.resources.InstanceResource [http-nio-8761-exec-9] Not Found (Cancel): API-FRAUDES - api-fraudes:application.instanceId:2f4a9361ac2afac0088b8524834cecb3
2022-02-25 12:38:39,006 WARN com.netflix.eureka.cluster.ReplicationTask [TaskBatchingWorker-target_localhost-7] The replication of task API-FRAUDES/api-fraudes:application.instanceId:2f4a9361ac2afac0088b8524834cecb3:Cancel@localhost failed with response code 404
2022-02-25 12:38:39,007 WARN com.netflix.eureka.cluster.PeerEurekaNode$2 [TaskBatchingWorker-target_localhost-7] API-FRAUDES/api-fraudes:application.instanceId:2f4a9361ac2afac0088b8524834cecb3:Cancel@localhost: missing entry.
2022-02-25 12:38:43,101 INFO com.netflix.eureka.registry.AbstractInstanceRegistry$EvictionTask [Eureka-EvictionTimer] Running the evict task with compensationTime 10ms
2022-02-25 12:38:54,708 INFO com.netflix.eureka.registry.AbstractInstanceRegistry [http-nio-8761-exec-7] Registered instance API-FRAUDES/ushieru:api-fraudes:8002 with status UP (replication=false)
2022-02-25 12:38:55,243 INFO com.netflix.eureka.registry.AbstractInstanceRegistry [http-nio-8761-exec-9] Registered instance API-FRAUDES/ushieru:api-fraudes:8002 with status UP (replication=true)
2022-02-25 12:39:43,112 INFO com.netflix.eureka.registry.AbstractInstanceRegistry$EvictionTask [Eureka-EvictionTimer] Running the evict task with compensationTime 10ms
2022-02-25 12:40:37,074 INFO com.netflix.eureka.registry.AbstractInstanceRegistry [http-nio-8761-exec-1] Registered instance API-FRAUDES/ushieru:api-fraudes:8002 with status DOWN (replication=false)
2022-02-25 12:40:37,603 INFO com.netflix.eureka.registry.AbstractInstanceRegistry [http-nio-8761-exec-4] Registered instance API-FRAUDES/ushieru:api-fraudes:8002 with status DOWN (replication=true)
2022-02-25 12:40:40,307 INFO org.springframework.cloud.netflix.eureka.serviceregistry.EurekaServiceRegistry [SpringApplicationShutdownHook] Unregistering application API-EUREKA-SERVER with eureka with status DOWN
2022-02-25 12:40:40,401 INFO com.netflix.eureka.registry.AbstractInstanceRegistry [http-nio-8761-exec-7] Cancelled instance API-FRAUDES/ushieru:api-fraudes:8002 (replication=false)
2022-02-25 12:40:40,661 INFO org.springframework.cloud.netflix.eureka.server.EurekaServerBootstrap [SpringApplicationShutdownHook] Shutting down Eureka Server..
2022-02-25 12:40:40,674 INFO com.netflix.eureka.DefaultEurekaServerContext [SpringApplicationShutdownHook] Shutting down ...
2022-02-25 12:40:40,676 INFO com.netflix.servo.monitor.StatsMonitor [SpringApplicationShutdownHook] Attempting to get the value for an expired monitor: eurekaServer.replication.batchSize.Will start computing stats again.
2022-02-25 12:40:40,682 INFO com.netflix.servo.monitor.StatsMonitor [SpringApplicationShutdownHook] Attempting to get the value for an expired monitor: eurekaServer.replication.executionTime.Will start computing stats again.
2022-02-25 12:40:40,685 INFO com.netflix.servo.monitor.StatsMonitor [SpringApplicationShutdownHook] Attempting to get the value for an expired monitor: eurekaServer.replication.executionTime.Will start computing stats again.
2022-02-25 12:40:40,687 INFO com.netflix.servo.monitor.StatsMonitor [SpringApplicationShutdownHook] Attempting to get the value for an expired monitor: eurekaServer.replication.batchSize.Will start computing stats again.
2022-02-25 12:40:40,709 INFO com.netflix.eureka.DefaultEurekaServerContext [SpringApplicationShutdownHook] Shut down
2022-02-25 12:40:40,710 INFO org.springframework.cloud.netflix.eureka.server.EurekaServerBootstrap [SpringApplicationShutdownHook] Eureka Service is now shutdown...
2022-02-25 12:40:40,711 INFO com.netflix.eureka.DefaultEurekaServerContext [SpringApplicationShutdownHook] Shutting down ...
2022-02-25 12:40:40,720 INFO com.netflix.eureka.DefaultEurekaServerContext [SpringApplicationShutdownHook] Shut down
2022-02-25 12:40:40,739 INFO com.netflix.discovery.DiscoveryClient [SpringApplicationShutdownHook] Shutting down DiscoveryClient ...
2022-02-25 12:40:40,742 INFO com.netflix.discovery.DiscoveryClient [SpringApplicationShutdownHook] Completed shut down of DiscoveryClient
2022-02-25 12:40:51,214 INFO org.springframework.boot.StartupInfoLogger [main] Starting EurekaApplicationKt using Java 11.0.12 on ushieru with PID 22896 (C:\Users\uziel\Documents\ibm\eureka\build\classes\kotlin\main started by uziel in C:\Users\uziel\Documents\ibm\eureka)
2022-02-25 12:40:51,219 INFO org.springframework.boot.SpringApplication [main] No active profile set, falling back to 1 default profile: "default"
2022-02-25 12:40:51,306 INFO org.springframework.boot.logging.DeferredLog [main] Fetching config from server at : http://localhost:8888
2022-02-25 12:40:51,307 INFO org.springframework.boot.logging.DeferredLog [main] Connect Timeout Exception on Url - http://localhost:8888. Will be trying the next url if available
2022-02-25 12:40:51,307 WARN org.springframework.boot.logging.DeferredLog [main] Could not locate PropertySource ([ConfigServerConfigDataResource@1bc425e7 uris = array<String>['http://localhost:8888'], optional = true, profiles = list['default']]): I/O error on GET request for "http://localhost:8888/api-eureka-server/default": Connection refused: connect; nested exception is java.net.ConnectException: Connection refused: connect
2022-02-25 12:40:53,275 INFO org.springframework.cloud.context.scope.GenericScope [main] BeanFactory id=7114d769-0015-3ce7-84c9-9667fa097506
2022-02-25 12:40:54,237 INFO org.springframework.boot.web.embedded.tomcat.TomcatWebServer [main] Tomcat initialized with port(s): 8761 (http)
2022-02-25 12:40:54,259 INFO org.apache.juli.logging.DirectJDKLog [main] Initializing ProtocolHandler ["http-nio-8761"]
2022-02-25 12:40:54,260 INFO org.apache.juli.logging.DirectJDKLog [main] Starting service [Tomcat]
2022-02-25 12:40:54,261 INFO org.apache.juli.logging.DirectJDKLog [main] Starting Servlet engine: [Apache Tomcat/9.0.58]
2022-02-25 12:40:54,600 INFO org.apache.juli.logging.DirectJDKLog [main] Initializing Spring embedded WebApplicationContext
2022-02-25 12:40:54,601 INFO org.springframework.boot.web.servlet.context.ServletWebServerApplicationContext [main] Root WebApplicationContext: initialization completed in 3291 ms
2022-02-25 12:40:55,848 INFO com.sun.jersey.server.impl.application.WebApplicationImpl [main] Initiating Jersey application, version 'Jersey: 1.19.4 05/24/2017 03:20 PM'
2022-02-25 12:40:55,961 INFO com.netflix.discovery.provider.DiscoveryJerseyProvider [main] Using JSON encoding codec LegacyJacksonJson
2022-02-25 12:40:55,964 INFO com.netflix.discovery.provider.DiscoveryJerseyProvider [main] Using JSON decoding codec LegacyJacksonJson
2022-02-25 12:40:56,383 INFO com.netflix.discovery.provider.DiscoveryJerseyProvider [main] Using XML encoding codec XStreamXml
2022-02-25 12:40:56,384 INFO com.netflix.discovery.provider.DiscoveryJerseyProvider [main] Using XML decoding codec XStreamXml
2022-02-25 12:40:59,446 INFO org.springframework.cloud.netflix.eureka.config.DiscoveryClientOptionalArgsConfiguration [main] Eureka HTTP Client uses Jersey
2022-02-25 12:40:59,579 WARN org.springframework.cloud.loadbalancer.config.LoadBalancerCacheAutoConfiguration$LoadBalancerCaffeineWarnLogger [main] Spring Cloud LoadBalancer is currently working with the default cache. While this cache implementation is useful for development and tests, it's recommended to use Caffeine cache in production.You can switch to using Caffeine cache, by adding it and org.springframework.cache.caffeine.CaffeineCacheManager to the classpath.
2022-02-25 12:40:59,617 INFO org.springframework.cloud.netflix.eureka.InstanceInfoFactory [main] Setting initial instance status as: STARTING
2022-02-25 12:40:59,701 INFO com.netflix.discovery.DiscoveryClient [main] Initializing Eureka in region us-east-1
2022-02-25 12:40:59,702 INFO com.netflix.discovery.DiscoveryClient [main] Client configured to neither register nor query for data.
2022-02-25 12:40:59,732 INFO com.netflix.discovery.DiscoveryClient [main] Discovery Client initialized at timestamp 1645814459729 with initial instances count: 0
2022-02-25 12:40:59,841 INFO com.netflix.eureka.DefaultEurekaServerContext [main] Initializing ...
2022-02-25 12:40:59,846 INFO com.netflix.eureka.cluster.PeerEurekaNodes [main] Adding new peer nodes [http://localhost:8761/eureka/]
2022-02-25 12:41:00,312 INFO com.netflix.discovery.provider.DiscoveryJerseyProvider [main] Using JSON encoding codec LegacyJacksonJson
2022-02-25 12:41:00,312 INFO com.netflix.discovery.provider.DiscoveryJerseyProvider [main] Using JSON decoding codec LegacyJacksonJson
2022-02-25 12:41:00,312 INFO com.netflix.discovery.provider.DiscoveryJerseyProvider [main] Using XML encoding codec XStreamXml
2022-02-25 12:41:00,313 INFO com.netflix.discovery.provider.DiscoveryJerseyProvider [main] Using XML decoding codec XStreamXml
2022-02-25 12:41:00,513 INFO com.netflix.eureka.cluster.PeerEurekaNodes [main] Replica node URL:  http://localhost:8761/eureka/
2022-02-25 12:41:00,532 INFO com.netflix.eureka.registry.AbstractInstanceRegistry [main] Finished initializing remote region registries. All known remote regions: []
2022-02-25 12:41:00,535 INFO com.netflix.eureka.DefaultEurekaServerContext [main] Initialized
2022-02-25 12:41:00,551 INFO org.springframework.boot.actuate.endpoint.web.EndpointLinksResolver [main] Exposing 1 endpoint(s) beneath base path '/actuator'
2022-02-25 12:41:00,609 INFO org.springframework.cloud.netflix.eureka.serviceregistry.EurekaServiceRegistry [main] Registering application API-EUREKA-SERVER with eureka with status UP
2022-02-25 12:41:00,614 INFO org.apache.juli.logging.DirectJDKLog [main] Starting ProtocolHandler ["http-nio-8761"]
2022-02-25 12:41:00,614 INFO org.springframework.cloud.netflix.eureka.server.EurekaServerBootstrap [Thread-9] Setting the eureka configuration..
2022-02-25 12:41:00,640 INFO org.springframework.cloud.netflix.eureka.server.EurekaServerBootstrap [Thread-9] isAws returned false
2022-02-25 12:41:00,642 INFO org.springframework.cloud.netflix.eureka.server.EurekaServerBootstrap [Thread-9] Initialized server context
2022-02-25 12:41:00,642 INFO com.netflix.eureka.registry.PeerAwareInstanceRegistryImpl [Thread-9] Got 1 instances from neighboring DS node
2022-02-25 12:41:00,643 INFO com.netflix.eureka.registry.PeerAwareInstanceRegistryImpl [Thread-9] Renew threshold is: 1
2022-02-25 12:41:00,644 INFO com.netflix.eureka.registry.PeerAwareInstanceRegistryImpl [Thread-9] Changing status to UP
2022-02-25 12:41:00,666 INFO org.springframework.cloud.netflix.eureka.server.EurekaServerInitializerConfiguration [Thread-9] Started Eureka Server
2022-02-25 12:41:00,677 INFO org.springframework.boot.web.embedded.tomcat.TomcatWebServer [main] Tomcat started on port(s): 8761 (http) with context path ''
2022-02-25 12:41:00,679 INFO org.springframework.cloud.netflix.eureka.serviceregistry.EurekaAutoServiceRegistration [main] Updating port to 8761
2022-02-25 12:41:01,203 INFO org.springframework.boot.StartupInfoLogger [main] Started EurekaApplicationKt in 14.222 seconds (JVM running for 15.479)
2022-02-25 12:41:19,284 INFO org.apache.juli.logging.DirectJDKLog [http-nio-8761-exec-2] Initializing Spring DispatcherServlet 'dispatcherServlet'
2022-02-25 12:41:19,285 INFO org.springframework.web.servlet.FrameworkServlet [http-nio-8761-exec-2] Initializing Servlet 'dispatcherServlet'
2022-02-25 12:41:19,287 INFO org.springframework.web.servlet.FrameworkServlet [http-nio-8761-exec-2] Completed initialization in 2 ms
2022-02-25 12:41:19,686 INFO com.netflix.eureka.registry.AbstractInstanceRegistry [http-nio-8761-exec-1] Registered instance API-FRAUDES/ushieru:api-fraudes:8002 with status UP (replication=false)
2022-02-25 12:41:20,406 INFO com.netflix.eureka.registry.AbstractInstanceRegistry [http-nio-8761-exec-3] Registered instance API-FRAUDES/ushieru:api-fraudes:8002 with status UP (replication=true)
2022-02-25 12:42:00,650 INFO com.netflix.eureka.registry.AbstractInstanceRegistry$EvictionTask [Eureka-EvictionTimer] Running the evict task with compensationTime 0ms
2022-02-25 12:43:00,667 INFO com.netflix.eureka.registry.AbstractInstanceRegistry$EvictionTask [Eureka-EvictionTimer] Running the evict task with compensationTime 16ms
2022-02-25 12:43:54,940 INFO com.netflix.eureka.registry.AbstractInstanceRegistry [http-nio-8761-exec-3] Registered instance API-FRAUDES/ushieru:api-fraudes:8002 with status DOWN (replication=false)
2022-02-25 12:43:55,464 INFO com.netflix.eureka.registry.AbstractInstanceRegistry [http-nio-8761-exec-5] Registered instance API-FRAUDES/ushieru:api-fraudes:8002 with status DOWN (replication=true)
2022-02-25 12:43:58,208 INFO com.netflix.eureka.registry.AbstractInstanceRegistry [http-nio-8761-exec-4] Cancelled instance API-FRAUDES/ushieru:api-fraudes:8002 (replication=false)
2022-02-25 12:43:58,240 INFO org.springframework.cloud.netflix.eureka.serviceregistry.EurekaServiceRegistry [SpringApplicationShutdownHook] Unregistering application API-EUREKA-SERVER with eureka with status DOWN
2022-02-25 12:43:58,511 INFO org.springframework.cloud.netflix.eureka.server.EurekaServerBootstrap [SpringApplicationShutdownHook] Shutting down Eureka Server..
2022-02-25 12:43:58,518 INFO com.netflix.eureka.DefaultEurekaServerContext [SpringApplicationShutdownHook] Shutting down ...
2022-02-25 12:43:58,545 INFO com.netflix.eureka.DefaultEurekaServerContext [SpringApplicationShutdownHook] Shut down
2022-02-25 12:43:58,545 INFO org.springframework.cloud.netflix.eureka.server.EurekaServerBootstrap [SpringApplicationShutdownHook] Eureka Service is now shutdown...
2022-02-25 12:43:58,547 INFO com.netflix.eureka.DefaultEurekaServerContext [SpringApplicationShutdownHook] Shutting down ...
2022-02-25 12:43:58,560 INFO com.netflix.eureka.DefaultEurekaServerContext [SpringApplicationShutdownHook] Shut down
2022-02-25 12:43:58,573 INFO com.netflix.discovery.DiscoveryClient [SpringApplicationShutdownHook] Shutting down DiscoveryClient ...
2022-02-25 12:43:58,575 INFO com.netflix.discovery.DiscoveryClient [SpringApplicationShutdownHook] Completed shut down of DiscoveryClient
2022-02-25 12:44:10,647 INFO org.springframework.boot.StartupInfoLogger [main] Starting EurekaApplicationKt using Java 11.0.12 on ushieru with PID 21188 (C:\Users\uziel\Documents\ibm\eureka\build\classes\kotlin\main started by uziel in C:\Users\uziel\Documents\ibm\eureka)
2022-02-25 12:44:10,653 INFO org.springframework.boot.SpringApplication [main] No active profile set, falling back to 1 default profile: "default"
2022-02-25 12:44:10,726 INFO org.springframework.boot.logging.DeferredLog [main] Fetching config from server at : http://localhost:8888
2022-02-25 12:44:10,726 INFO org.springframework.boot.logging.DeferredLog [main] Connect Timeout Exception on Url - http://localhost:8888. Will be trying the next url if available
2022-02-25 12:44:10,726 WARN org.springframework.boot.logging.DeferredLog [main] Could not locate PropertySource ([ConfigServerConfigDataResource@1bc425e7 uris = array<String>['http://localhost:8888'], optional = true, profiles = list['default']]): I/O error on GET request for "http://localhost:8888/api-eureka-server/default": Connection refused: connect; nested exception is java.net.ConnectException: Connection refused: connect
2022-02-25 12:44:12,414 INFO org.springframework.cloud.context.scope.GenericScope [main] BeanFactory id=7114d769-0015-3ce7-84c9-9667fa097506
2022-02-25 12:44:13,237 INFO org.springframework.boot.web.embedded.tomcat.TomcatWebServer [main] Tomcat initialized with port(s): 8761 (http)
2022-02-25 12:44:13,257 INFO org.apache.juli.logging.DirectJDKLog [main] Initializing ProtocolHandler ["http-nio-8761"]
2022-02-25 12:44:13,258 INFO org.apache.juli.logging.DirectJDKLog [main] Starting service [Tomcat]
2022-02-25 12:44:13,259 INFO org.apache.juli.logging.DirectJDKLog [main] Starting Servlet engine: [Apache Tomcat/9.0.58]
2022-02-25 12:44:13,517 INFO org.apache.juli.logging.DirectJDKLog [main] Initializing Spring embedded WebApplicationContext
2022-02-25 12:44:13,517 INFO org.springframework.boot.web.servlet.context.ServletWebServerApplicationContext [main] Root WebApplicationContext: initialization completed in 2789 ms
2022-02-25 12:44:14,349 INFO com.sun.jersey.server.impl.application.WebApplicationImpl [main] Initiating Jersey application, version 'Jersey: 1.19.4 05/24/2017 03:20 PM'
2022-02-25 12:44:14,491 INFO com.netflix.discovery.provider.DiscoveryJerseyProvider [main] Using JSON encoding codec LegacyJacksonJson
2022-02-25 12:44:14,493 INFO com.netflix.discovery.provider.DiscoveryJerseyProvider [main] Using JSON decoding codec LegacyJacksonJson
2022-02-25 12:44:14,765 INFO com.netflix.discovery.provider.DiscoveryJerseyProvider [main] Using XML encoding codec XStreamXml
2022-02-25 12:44:14,766 INFO com.netflix.discovery.provider.DiscoveryJerseyProvider [main] Using XML decoding codec XStreamXml
2022-02-25 12:44:17,736 INFO org.springframework.cloud.netflix.eureka.config.DiscoveryClientOptionalArgsConfiguration [main] Eureka HTTP Client uses Jersey
2022-02-25 12:44:17,988 WARN org.springframework.cloud.loadbalancer.config.LoadBalancerCacheAutoConfiguration$LoadBalancerCaffeineWarnLogger [main] Spring Cloud LoadBalancer is currently working with the default cache. While this cache implementation is useful for development and tests, it's recommended to use Caffeine cache in production.You can switch to using Caffeine cache, by adding it and org.springframework.cache.caffeine.CaffeineCacheManager to the classpath.
2022-02-25 12:44:18,046 INFO org.springframework.cloud.netflix.eureka.InstanceInfoFactory [main] Setting initial instance status as: STARTING
2022-02-25 12:44:18,148 INFO com.netflix.discovery.DiscoveryClient [main] Initializing Eureka in region us-east-1
2022-02-25 12:44:18,149 INFO com.netflix.discovery.DiscoveryClient [main] Client configured to neither register nor query for data.
2022-02-25 12:44:18,182 INFO com.netflix.discovery.DiscoveryClient [main] Discovery Client initialized at timestamp 1645814658179 with initial instances count: 0
2022-02-25 12:44:18,316 INFO com.netflix.eureka.DefaultEurekaServerContext [main] Initializing ...
2022-02-25 12:44:18,325 INFO com.netflix.eureka.cluster.PeerEurekaNodes [main] Adding new peer nodes [http://localhost:8761/eureka/]
2022-02-25 12:44:18,882 INFO com.netflix.discovery.provider.DiscoveryJerseyProvider [main] Using JSON encoding codec LegacyJacksonJson
2022-02-25 12:44:18,884 INFO com.netflix.discovery.provider.DiscoveryJerseyProvider [main] Using JSON decoding codec LegacyJacksonJson
2022-02-25 12:44:18,884 INFO com.netflix.discovery.provider.DiscoveryJerseyProvider [main] Using XML encoding codec XStreamXml
2022-02-25 12:44:18,885 INFO com.netflix.discovery.provider.DiscoveryJerseyProvider [main] Using XML decoding codec XStreamXml
2022-02-25 12:44:19,083 INFO com.netflix.eureka.cluster.PeerEurekaNodes [main] Replica node URL:  http://localhost:8761/eureka/
2022-02-25 12:44:19,099 INFO com.netflix.eureka.registry.AbstractInstanceRegistry [main] Finished initializing remote region registries. All known remote regions: []
2022-02-25 12:44:19,101 INFO com.netflix.eureka.DefaultEurekaServerContext [main] Initialized
2022-02-25 12:44:19,115 INFO org.springframework.boot.actuate.endpoint.web.EndpointLinksResolver [main] Exposing 1 endpoint(s) beneath base path '/actuator'
2022-02-25 12:44:19,171 INFO org.springframework.cloud.netflix.eureka.serviceregistry.EurekaServiceRegistry [main] Registering application API-EUREKA-SERVER with eureka with status UP
2022-02-25 12:44:19,177 INFO org.apache.juli.logging.DirectJDKLog [main] Starting ProtocolHandler ["http-nio-8761"]
2022-02-25 12:44:19,177 INFO org.springframework.cloud.netflix.eureka.server.EurekaServerBootstrap [Thread-9] Setting the eureka configuration..
2022-02-25 12:44:19,206 INFO org.springframework.cloud.netflix.eureka.server.EurekaServerBootstrap [Thread-9] isAws returned false
2022-02-25 12:44:19,208 INFO org.springframework.cloud.netflix.eureka.server.EurekaServerBootstrap [Thread-9] Initialized server context
2022-02-25 12:44:19,208 INFO com.netflix.eureka.registry.PeerAwareInstanceRegistryImpl [Thread-9] Got 1 instances from neighboring DS node
2022-02-25 12:44:19,209 INFO com.netflix.eureka.registry.PeerAwareInstanceRegistryImpl [Thread-9] Renew threshold is: 1
2022-02-25 12:44:19,210 INFO com.netflix.eureka.registry.PeerAwareInstanceRegistryImpl [Thread-9] Changing status to UP
2022-02-25 12:44:19,229 INFO org.springframework.cloud.netflix.eureka.server.EurekaServerInitializerConfiguration [Thread-9] Started Eureka Server
2022-02-25 12:44:19,247 INFO org.springframework.boot.web.embedded.tomcat.TomcatWebServer [main] Tomcat started on port(s): 8761 (http) with context path ''
2022-02-25 12:44:19,249 INFO org.springframework.cloud.netflix.eureka.serviceregistry.EurekaAutoServiceRegistration [main] Updating port to 8761
2022-02-25 12:44:19,841 INFO org.springframework.boot.StartupInfoLogger [main] Started EurekaApplicationKt in 13.198 seconds (JVM running for 14.354)
2022-02-25 12:44:31,342 INFO org.apache.juli.logging.DirectJDKLog [http-nio-8761-exec-7] Initializing Spring DispatcherServlet 'dispatcherServlet'
2022-02-25 12:44:31,343 INFO org.springframework.web.servlet.FrameworkServlet [http-nio-8761-exec-7] Initializing Servlet 'dispatcherServlet'
2022-02-25 12:44:31,345 INFO org.springframework.web.servlet.FrameworkServlet [http-nio-8761-exec-7] Completed initialization in 2 ms
2022-02-25 12:44:31,682 INFO com.netflix.eureka.registry.AbstractInstanceRegistry [http-nio-8761-exec-8] Registered instance API-FRAUDES/ushieru:api-fraudes:8002 with status UP (replication=false)
2022-02-25 12:44:32,333 INFO com.netflix.eureka.registry.AbstractInstanceRegistry [http-nio-8761-exec-3] Registered instance API-FRAUDES/ushieru:api-fraudes:8002 with status UP (replication=true)
2022-02-25 12:45:19,215 INFO com.netflix.eureka.registry.AbstractInstanceRegistry$EvictionTask [Eureka-EvictionTimer] Running the evict task with compensationTime 0ms
2022-02-25 12:46:19,225 INFO com.netflix.eureka.registry.AbstractInstanceRegistry$EvictionTask [Eureka-EvictionTimer] Running the evict task with compensationTime 9ms
2022-02-25 12:47:19,237 INFO com.netflix.eureka.registry.AbstractInstanceRegistry$EvictionTask [Eureka-EvictionTimer] Running the evict task with compensationTime 12ms
2022-02-25 12:48:19,245 INFO com.netflix.eureka.registry.AbstractInstanceRegistry$EvictionTask [Eureka-EvictionTimer] Running the evict task with compensationTime 8ms
2022-02-25 12:49:19,249 INFO com.netflix.eureka.registry.AbstractInstanceRegistry$EvictionTask [Eureka-EvictionTimer] Running the evict task with compensationTime 3ms
2022-02-25 12:49:40,029 INFO com.netflix.eureka.registry.AbstractInstanceRegistry [http-nio-8761-exec-1] Registered instance API-FRAUDES/ushieru:api-fraudes:8002 with status DOWN (replication=false)
2022-02-25 12:49:40,564 INFO com.netflix.eureka.registry.AbstractInstanceRegistry [http-nio-8761-exec-2] Registered instance API-FRAUDES/ushieru:api-fraudes:8002 with status DOWN (replication=true)
2022-02-25 12:49:43,302 INFO com.netflix.eureka.registry.AbstractInstanceRegistry [http-nio-8761-exec-5] Cancelled instance API-FRAUDES/ushieru:api-fraudes:8002 (replication=false)
2022-02-25 12:49:43,835 WARN com.netflix.eureka.registry.AbstractInstanceRegistry [http-nio-8761-exec-10] DS: Registry: cancel failed because Lease is not registered for: API-FRAUDES/ushieru:api-fraudes:8002
2022-02-25 12:49:43,836 INFO com.netflix.eureka.resources.InstanceResource [http-nio-8761-exec-10] Not Found (Cancel): API-FRAUDES - ushieru:api-fraudes:8002
2022-02-25 12:49:43,839 WARN com.netflix.eureka.cluster.ReplicationTask [TaskBatchingWorker-target_localhost-6] The replication of task API-FRAUDES/ushieru:api-fraudes:8002:Cancel@localhost failed with response code 404
2022-02-25 12:49:43,839 WARN com.netflix.eureka.cluster.PeerEurekaNode$2 [TaskBatchingWorker-target_localhost-6] API-FRAUDES/ushieru:api-fraudes:8002:Cancel@localhost: missing entry.
2022-02-25 12:49:44,072 INFO org.springframework.cloud.netflix.eureka.serviceregistry.EurekaServiceRegistry [SpringApplicationShutdownHook] Unregistering application API-EUREKA-SERVER with eureka with status DOWN
2022-02-25 12:49:44,273 INFO org.springframework.cloud.netflix.eureka.server.EurekaServerBootstrap [SpringApplicationShutdownHook] Shutting down Eureka Server..
2022-02-25 12:49:44,280 INFO com.netflix.eureka.DefaultEurekaServerContext [SpringApplicationShutdownHook] Shutting down ...
2022-02-25 12:49:44,298 INFO com.netflix.eureka.DefaultEurekaServerContext [SpringApplicationShutdownHook] Shut down
2022-02-25 12:49:44,299 INFO org.springframework.cloud.netflix.eureka.server.EurekaServerBootstrap [SpringApplicationShutdownHook] Eureka Service is now shutdown...
2022-02-25 12:49:44,300 INFO com.netflix.eureka.DefaultEurekaServerContext [SpringApplicationShutdownHook] Shutting down ...
2022-02-25 12:49:44,307 INFO com.netflix.eureka.DefaultEurekaServerContext [SpringApplicationShutdownHook] Shut down
2022-02-25 12:49:44,317 INFO com.netflix.discovery.DiscoveryClient [SpringApplicationShutdownHook] Shutting down DiscoveryClient ...
2022-02-25 12:49:44,319 INFO com.netflix.discovery.DiscoveryClient [SpringApplicationShutdownHook] Completed shut down of DiscoveryClient
2022-02-25 13:01:43,091 INFO org.springframework.boot.StartupInfoLogger [main] Starting EurekaApplicationKt using Java 11.0.12 on ushieru with PID 22160 (C:\Users\uziel\Documents\ibm\eureka\build\classes\kotlin\main started by uziel in C:\Users\uziel\Documents\ibm\eureka)
2022-02-25 13:01:43,098 INFO org.springframework.boot.SpringApplication [main] No active profile set, falling back to 1 default profile: "default"
2022-02-25 13:01:43,168 INFO org.springframework.boot.logging.DeferredLog [main] Fetching config from server at : http://localhost:8888
2022-02-25 13:01:43,169 INFO org.springframework.boot.logging.DeferredLog [main] Connect Timeout Exception on Url - http://localhost:8888. Will be trying the next url if available
2022-02-25 13:01:43,169 WARN org.springframework.boot.logging.DeferredLog [main] Could not locate PropertySource ([ConfigServerConfigDataResource@1bc425e7 uris = array<String>['http://localhost:8888'], optional = true, profiles = list['default']]): I/O error on GET request for "http://localhost:8888/api-eureka-server/default": Connection refused: connect; nested exception is java.net.ConnectException: Connection refused: connect
2022-02-25 13:01:44,882 INFO org.springframework.cloud.context.scope.GenericScope [main] BeanFactory id=7114d769-0015-3ce7-84c9-9667fa097506
2022-02-25 13:01:45,690 INFO org.springframework.boot.web.embedded.tomcat.TomcatWebServer [main] Tomcat initialized with port(s): 8761 (http)
2022-02-25 13:01:45,713 INFO org.apache.juli.logging.DirectJDKLog [main] Initializing ProtocolHandler ["http-nio-8761"]
2022-02-25 13:01:45,714 INFO org.apache.juli.logging.DirectJDKLog [main] Starting service [Tomcat]
2022-02-25 13:01:45,714 INFO org.apache.juli.logging.DirectJDKLog [main] Starting Servlet engine: [Apache Tomcat/9.0.58]
2022-02-25 13:01:46,064 INFO org.apache.juli.logging.DirectJDKLog [main] Initializing Spring embedded WebApplicationContext
2022-02-25 13:01:46,064 INFO org.springframework.boot.web.servlet.context.ServletWebServerApplicationContext [main] Root WebApplicationContext: initialization completed in 2893 ms
2022-02-25 13:01:47,291 INFO com.sun.jersey.server.impl.application.WebApplicationImpl [main] Initiating Jersey application, version 'Jersey: 1.19.4 05/24/2017 03:20 PM'
2022-02-25 13:01:47,391 INFO com.netflix.discovery.provider.DiscoveryJerseyProvider [main] Using JSON encoding codec LegacyJacksonJson
2022-02-25 13:01:47,394 INFO com.netflix.discovery.provider.DiscoveryJerseyProvider [main] Using JSON decoding codec LegacyJacksonJson
2022-02-25 13:01:47,727 INFO com.netflix.discovery.provider.DiscoveryJerseyProvider [main] Using XML encoding codec XStreamXml
2022-02-25 13:01:47,728 INFO com.netflix.discovery.provider.DiscoveryJerseyProvider [main] Using XML decoding codec XStreamXml
2022-02-25 13:01:50,501 INFO org.springframework.cloud.netflix.eureka.config.DiscoveryClientOptionalArgsConfiguration [main] Eureka HTTP Client uses Jersey
2022-02-25 13:01:50,646 WARN org.springframework.cloud.loadbalancer.config.LoadBalancerCacheAutoConfiguration$LoadBalancerCaffeineWarnLogger [main] Spring Cloud LoadBalancer is currently working with the default cache. While this cache implementation is useful for development and tests, it's recommended to use Caffeine cache in production.You can switch to using Caffeine cache, by adding it and org.springframework.cache.caffeine.CaffeineCacheManager to the classpath.
2022-02-25 13:01:50,682 INFO org.springframework.cloud.netflix.eureka.InstanceInfoFactory [main] Setting initial instance status as: STARTING
2022-02-25 13:01:50,749 INFO com.netflix.discovery.DiscoveryClient [main] Initializing Eureka in region us-east-1
2022-02-25 13:01:50,750 INFO com.netflix.discovery.DiscoveryClient [main] Client configured to neither register nor query for data.
2022-02-25 13:01:50,768 INFO com.netflix.discovery.DiscoveryClient [main] Discovery Client initialized at timestamp 1645815710765 with initial instances count: 0
2022-02-25 13:01:50,842 INFO com.netflix.eureka.DefaultEurekaServerContext [main] Initializing ...
2022-02-25 13:01:50,848 INFO com.netflix.eureka.cluster.PeerEurekaNodes [main] Adding new peer nodes [http://localhost:8761/eureka/]
2022-02-25 13:01:51,242 INFO com.netflix.discovery.provider.DiscoveryJerseyProvider [main] Using JSON encoding codec LegacyJacksonJson
2022-02-25 13:01:51,243 INFO com.netflix.discovery.provider.DiscoveryJerseyProvider [main] Using JSON decoding codec LegacyJacksonJson
2022-02-25 13:01:51,243 INFO com.netflix.discovery.provider.DiscoveryJerseyProvider [main] Using XML encoding codec XStreamXml
2022-02-25 13:01:51,243 INFO com.netflix.discovery.provider.DiscoveryJerseyProvider [main] Using XML decoding codec XStreamXml
2022-02-25 13:01:51,407 INFO com.netflix.eureka.cluster.PeerEurekaNodes [main] Replica node URL:  http://localhost:8761/eureka/
2022-02-25 13:01:51,428 INFO com.netflix.eureka.registry.AbstractInstanceRegistry [main] Finished initializing remote region registries. All known remote regions: []
2022-02-25 13:01:51,431 INFO com.netflix.eureka.DefaultEurekaServerContext [main] Initialized
2022-02-25 13:01:51,447 INFO org.springframework.boot.actuate.endpoint.web.EndpointLinksResolver [main] Exposing 1 endpoint(s) beneath base path '/actuator'
2022-02-25 13:01:51,506 INFO org.springframework.cloud.netflix.eureka.serviceregistry.EurekaServiceRegistry [main] Registering application API-EUREKA-SERVER with eureka with status UP
2022-02-25 13:01:51,512 INFO org.springframework.cloud.netflix.eureka.server.EurekaServerBootstrap [Thread-9] Setting the eureka configuration..
2022-02-25 13:01:51,512 INFO org.apache.juli.logging.DirectJDKLog [main] Starting ProtocolHandler ["http-nio-8761"]
2022-02-25 13:01:51,537 INFO org.springframework.cloud.netflix.eureka.server.EurekaServerBootstrap [Thread-9] isAws returned false
2022-02-25 13:01:51,539 INFO org.springframework.cloud.netflix.eureka.server.EurekaServerBootstrap [Thread-9] Initialized server context
2022-02-25 13:01:51,539 INFO com.netflix.eureka.registry.PeerAwareInstanceRegistryImpl [Thread-9] Got 1 instances from neighboring DS node
2022-02-25 13:01:51,539 INFO com.netflix.eureka.registry.PeerAwareInstanceRegistryImpl [Thread-9] Renew threshold is: 1
2022-02-25 13:01:51,540 INFO com.netflix.eureka.registry.PeerAwareInstanceRegistryImpl [Thread-9] Changing status to UP
2022-02-25 13:01:51,558 INFO org.springframework.cloud.netflix.eureka.server.EurekaServerInitializerConfiguration [Thread-9] Started Eureka Server
2022-02-25 13:01:51,569 INFO org.springframework.boot.web.embedded.tomcat.TomcatWebServer [main] Tomcat started on port(s): 8761 (http) with context path ''
2022-02-25 13:01:51,570 INFO org.springframework.cloud.netflix.eureka.serviceregistry.EurekaAutoServiceRegistration [main] Updating port to 8761
2022-02-25 13:01:52,038 INFO org.springframework.boot.StartupInfoLogger [main] Started EurekaApplicationKt in 12.735 seconds (JVM running for 13.816)
2022-02-25 13:02:28,368 INFO org.apache.juli.logging.DirectJDKLog [http-nio-8761-exec-2] Initializing Spring DispatcherServlet 'dispatcherServlet'
2022-02-25 13:02:28,369 INFO org.springframework.web.servlet.FrameworkServlet [http-nio-8761-exec-2] Initializing Servlet 'dispatcherServlet'
2022-02-25 13:02:28,371 INFO org.springframework.web.servlet.FrameworkServlet [http-nio-8761-exec-2] Completed initialization in 1 ms
2022-02-25 13:02:28,675 INFO com.netflix.eureka.registry.AbstractInstanceRegistry [http-nio-8761-exec-1] Registered instance API-GATEWAY-SERVER/ushieru:api-gateway-server:8090 with status UP (replication=false)
2022-02-25 13:02:28,697 INFO com.netflix.eureka.registry.AbstractInstanceRegistry [http-nio-8761-exec-3] Cancelled instance API-GATEWAY-SERVER/ushieru:api-gateway-server:8090 (replication=false)
2022-02-25 13:02:29,427 INFO com.netflix.eureka.registry.AbstractInstanceRegistry [http-nio-8761-exec-6] Registered instance API-GATEWAY-SERVER/ushieru:api-gateway-server:8090 with status UP (replication=true)
2022-02-25 13:02:29,429 INFO com.netflix.eureka.registry.AbstractInstanceRegistry [http-nio-8761-exec-6] Cancelled instance API-GATEWAY-SERVER/ushieru:api-gateway-server:8090 (replication=true)
2022-02-25 13:02:51,552 INFO com.netflix.eureka.registry.AbstractInstanceRegistry$EvictionTask [Eureka-EvictionTimer] Running the evict task with compensationTime 0ms
2022-02-25 13:03:13,617 INFO com.netflix.eureka.registry.AbstractInstanceRegistry [http-nio-8761-exec-8] Registered instance API-GATEWAY-SERVER/ushieru:api-gateway-server:8090 with status UP (replication=false)
2022-02-25 13:03:14,146 INFO com.netflix.eureka.registry.AbstractInstanceRegistry [http-nio-8761-exec-9] Registered instance API-GATEWAY-SERVER/ushieru:api-gateway-server:8090 with status UP (replication=true)
2022-02-25 13:03:37,246 INFO com.netflix.eureka.registry.AbstractInstanceRegistry [http-nio-8761-exec-2] Registered instance API-FRAUDES/api-fraudes:application.instanceId:f65bd2981120cbcb2a5baedf35e7152f with status UP (replication=false)
2022-02-25 13:03:37,780 INFO com.netflix.eureka.registry.AbstractInstanceRegistry [http-nio-8761-exec-1] Registered instance API-FRAUDES/api-fraudes:application.instanceId:f65bd2981120cbcb2a5baedf35e7152f with status UP (replication=true)
2022-02-25 13:03:51,567 INFO com.netflix.eureka.registry.AbstractInstanceRegistry$EvictionTask [Eureka-EvictionTimer] Running the evict task with compensationTime 15ms
2022-02-25 13:04:41,629 INFO com.netflix.eureka.registry.AbstractInstanceRegistry [http-nio-8761-exec-3] Registered instance API-GATEWAY-SERVER/ushieru:api-gateway-server:8090 with status DOWN (replication=false)
2022-02-25 13:04:42,155 INFO com.netflix.eureka.registry.AbstractInstanceRegistry [http-nio-8761-exec-4] Registered instance API-GATEWAY-SERVER/ushieru:api-gateway-server:8090 with status DOWN (replication=true)
2022-02-25 13:04:46,726 INFO com.netflix.eureka.registry.AbstractInstanceRegistry [http-nio-8761-exec-7] Cancelled instance API-GATEWAY-SERVER/ushieru:api-gateway-server:8090 (replication=false)
2022-02-25 13:04:47,251 WARN com.netflix.eureka.registry.AbstractInstanceRegistry [http-nio-8761-exec-2] DS: Registry: cancel failed because Lease is not registered for: API-GATEWAY-SERVER/ushieru:api-gateway-server:8090
2022-02-25 13:04:47,251 INFO com.netflix.eureka.resources.InstanceResource [http-nio-8761-exec-2] Not Found (Cancel): API-GATEWAY-SERVER - ushieru:api-gateway-server:8090
2022-02-25 13:04:47,254 WARN com.netflix.eureka.cluster.ReplicationTask [TaskBatchingWorker-target_localhost-8] The replication of task API-GATEWAY-SERVER/ushieru:api-gateway-server:8090:Cancel@localhost failed with response code 404
2022-02-25 13:04:47,255 WARN com.netflix.eureka.cluster.PeerEurekaNode$2 [TaskBatchingWorker-target_localhost-8] API-GATEWAY-SERVER/ushieru:api-gateway-server:8090:Cancel@localhost: missing entry.
2022-02-25 13:04:51,574 INFO com.netflix.eureka.registry.AbstractInstanceRegistry$EvictionTask [Eureka-EvictionTimer] Running the evict task with compensationTime 6ms
2022-02-25 13:05:02,003 INFO com.netflix.eureka.registry.AbstractInstanceRegistry [http-nio-8761-exec-5] Registered instance API-GATEWAY-SERVER/ushieru:api-gateway-server:8090 with status UP (replication=false)
2022-02-25 13:05:02,524 INFO com.netflix.eureka.registry.AbstractInstanceRegistry [http-nio-8761-exec-6] Registered instance API-GATEWAY-SERVER/ushieru:api-gateway-server:8090 with status UP (replication=true)
2022-02-25 13:05:51,578 INFO com.netflix.eureka.registry.AbstractInstanceRegistry$EvictionTask [Eureka-EvictionTimer] Running the evict task with compensationTime 4ms
2022-02-25 13:06:00,609 INFO com.netflix.eureka.registry.AbstractInstanceRegistry [http-nio-8761-exec-4] Registered instance API-GATEWAY-SERVER/ushieru:api-gateway-server:8090 with status DOWN (replication=false)
2022-02-25 13:06:01,133 INFO com.netflix.eureka.registry.AbstractInstanceRegistry [http-nio-8761-exec-5] Registered instance API-GATEWAY-SERVER/ushieru:api-gateway-server:8090 with status DOWN (replication=true)
2022-02-25 13:06:04,012 INFO org.springframework.cloud.netflix.eureka.serviceregistry.EurekaServiceRegistry [SpringApplicationShutdownHook] Unregistering application API-EUREKA-SERVER with eureka with status DOWN
2022-02-25 13:06:04,219 INFO org.springframework.cloud.netflix.eureka.server.EurekaServerBootstrap [SpringApplicationShutdownHook] Shutting down Eureka Server..
2022-02-25 13:06:04,225 INFO com.netflix.eureka.DefaultEurekaServerContext [SpringApplicationShutdownHook] Shutting down ...
2022-02-25 13:06:04,245 INFO com.netflix.eureka.DefaultEurekaServerContext [SpringApplicationShutdownHook] Shut down
2022-02-25 13:06:04,245 INFO org.springframework.cloud.netflix.eureka.server.EurekaServerBootstrap [SpringApplicationShutdownHook] Eureka Service is now shutdown...
2022-02-25 13:06:04,247 INFO com.netflix.eureka.DefaultEurekaServerContext [SpringApplicationShutdownHook] Shutting down ...
2022-02-25 13:06:04,253 INFO com.netflix.eureka.DefaultEurekaServerContext [SpringApplicationShutdownHook] Shut down
2022-02-25 13:06:04,265 INFO com.netflix.discovery.DiscoveryClient [SpringApplicationShutdownHook] Shutting down DiscoveryClient ...
2022-02-25 13:06:04,267 INFO com.netflix.discovery.DiscoveryClient [SpringApplicationShutdownHook] Completed shut down of DiscoveryClient
